[2023-09-28 09:16:09,984] multiqc                                            [DEBUG  ]  This is MultiQC v1.15
[2023-09-28 09:16:09,986] multiqc                                            [DEBUG  ]  Loading config settings from: multiqc_config.yml
[2023-09-28 09:16:09,986] multiqc                                            [DEBUG  ]  New config: {'report_comment': 'This report has been generated by the <a href="https://github.com/nf-core/scrnaseq/2.4.0" target="_blank">nf-core/scrnaseq</a> analysis pipeline. For information about how to interpret these results, please see the <a href="https://nf-co.re/scrnaseq/2.4.0/output" target="_blank">documentation</a>.\n', 'report_section_order': {'nf-core-scrnaseq-methods-description': {'order': -1000}, 'software_versions': {'order': -1001}, 'nf-core-scrnaseq-summary': {'order': -1002}}, 'export_plots': True}
[2023-09-28 09:16:09,987] multiqc                                            [DEBUG  ]  Loading config settings from: multiqc_config.yml
[2023-09-28 09:16:09,987] multiqc                                            [DEBUG  ]  New config: {'report_comment': 'This report has been generated by the <a href="https://github.com/nf-core/scrnaseq/2.4.0" target="_blank">nf-core/scrnaseq</a> analysis pipeline. For information about how to interpret these results, please see the <a href="https://nf-co.re/scrnaseq/2.4.0/output" target="_blank">documentation</a>.\n', 'report_section_order': {'nf-core-scrnaseq-methods-description': {'order': -1000}, 'software_versions': {'order': -1001}, 'nf-core-scrnaseq-summary': {'order': -1002}}, 'export_plots': True}
[2023-09-28 09:16:09,987] multiqc                                            [DEBUG  ]  Command used: /usr/local/bin/multiqc --force --config multiqc_config.yml .
[2023-09-28 09:16:10,912] multiqc                                            [DEBUG  ]  Latest MultiQC version is v1.15
[2023-09-28 09:16:10,912] multiqc                                            [DEBUG  ]  Working dir : /home/claudio/git/scRNA_DLBCL/work/8a/8c0d9965ef3828c9b4251963ab7f47
[2023-09-28 09:16:10,913] multiqc                                            [DEBUG  ]  Template    : default
[2023-09-28 09:16:10,913] multiqc                                            [DEBUG  ]  Running Python 3.11.4 | packaged by conda-forge | (main, Jun 10 2023, 18:08:17) [GCC 12.2.0]
[2023-09-28 09:16:10,915] multiqc                                            [DEBUG  ]  Analysing modules: custom_content, ccs, ngsderive, purple, conpair, lima, peddy, somalier, methylQA, mosdepth, phantompeakqualtools, qualimap, preseq, hifiasm, quast, qorts, rna_seqc, rockhopper, rsem, rseqc, busco, bustools, goleft_indexcov, gffcompare, disambiguate, supernova, deeptools, sargasso, verifybamid, mirtrace, happy, mirtop, sambamba, gopeaks, homer, hops, macs2, theta2, snpeff, gatk, htseq, bcftools, featureCounts, fgbio, dragen, dragen_fastqc, dedup, pbmarkdup, damageprofiler, biobambam2, jcvi, mtnucratio, picard, vep, sentieon, prokka, qc3C, nanostat, samblaster, samtools, sexdeterrmine, eigenstratdatabasetools, bamtools, jellyfish, vcftools, longranger, stacks, varscan2, snippy, umitools, bbmap, bismark, biscuit, diamond, hicexplorer, hicup, hicpro, salmon, kallisto, slamdunk, star, hisat2, tophat, bowtie2, bowtie1, cellranger, snpsplit, odgi, pangolin, nextclade, humid, kat, leehom, librarian, adapterRemoval, bbduk, clipandmerge, cutadapt, flexbar, kaiju, kraken, malt, motus, trimmomatic, sickle, skewer, sortmerna, biobloomtools, fastq_screen, afterqc, fastp, fastqc, filtlong, prinseqplusplus, pychopper, porechop, pycoqc, minionqc, anglerfish, multivcfanalyzer, clusterflow, checkqc, bcl2fastq, bclconvert, interop, ivar, flash, seqyclean, optitype, whatshap
[2023-09-28 09:16:10,916] multiqc                                            [DEBUG  ]  Using temporary directory for creating report: /tmp/tmpnh3wjybz
[2023-09-28 09:16:11,033] multiqc                                            [INFO   ]  Search path : /home/claudio/git/scRNA_DLBCL/work/8a/8c0d9965ef3828c9b4251963ab7f47
[2023-09-28 09:16:11,130] multiqc                                            [DEBUG  ]  Summary of files that were skipped by the search: [skipped_no_match: 8] // [skipped_module_specific_max_filesize: 7]
[2023-09-28 09:16:12,292] multiqc.plots.bargraph                             [DEBUG  ]  Using matplotlib version 3.7.2
[2023-09-28 09:16:12,298] multiqc.plots.linegraph                            [DEBUG  ]  Using matplotlib version 3.7.2
[2023-09-28 09:16:12,340] multiqc.modules.custom_content.custom_content      [INFO   ]  nf-core-scrnaseq-methods-description: Found 1 sample (html)
[2023-09-28 09:16:12,340] multiqc.modules.custom_content.custom_content      [INFO   ]  nf-core-scrnaseq-summary: Found 1 sample (html)
[2023-09-28 09:16:12,340] multiqc.modules.custom_content.custom_content      [INFO   ]  software_versions: Found 1 sample (html)
[2023-09-28 09:16:16,757] multiqc.modules.cellranger.cellranger              [INFO   ]  Found 2 Cell Ranger count reports
[2023-09-28 09:16:17,270] multiqc.modules.fastqc.fastqc                      [INFO   ]  Found 4 reports
[2023-09-28 09:16:29,683] multiqc                                            [DEBUG  ]  Reordering sections: anchor 'nf-core-scrnaseq-methods-description' not found for module 'Cell Ranger'.
[2023-09-28 09:16:29,683] multiqc                                            [DEBUG  ]  Reordering sections: anchor 'software_versions' not found for module 'Cell Ranger'.
[2023-09-28 09:16:29,683] multiqc                                            [DEBUG  ]  Reordering sections: anchor 'nf-core-scrnaseq-summary' not found for module 'Cell Ranger'.
[2023-09-28 09:16:29,683] multiqc                                            [DEBUG  ]  Reordering sections: anchor 'nf-core-scrnaseq-methods-description' not found for module 'FastQC'.
[2023-09-28 09:16:29,683] multiqc                                            [DEBUG  ]  Reordering sections: anchor 'software_versions' not found for module 'FastQC'.
[2023-09-28 09:16:29,683] multiqc                                            [DEBUG  ]  Reordering sections: anchor 'nf-core-scrnaseq-summary' not found for module 'FastQC'.
[2023-09-28 09:16:29,683] multiqc                                            [DEBUG  ]  Reordering sections: anchor 'nf-core-scrnaseq-methods-description' not found for module 'nf-core/scrnaseq Methods Description'.
[2023-09-28 09:16:29,683] multiqc                                            [DEBUG  ]  Reordering sections: anchor 'software_versions' not found for module 'nf-core/scrnaseq Methods Description'.
[2023-09-28 09:16:29,683] multiqc                                            [DEBUG  ]  Reordering sections: anchor 'nf-core-scrnaseq-summary' not found for module 'nf-core/scrnaseq Methods Description'.
[2023-09-28 09:16:29,683] multiqc                                            [DEBUG  ]  Reordering sections: anchor 'nf-core-scrnaseq-methods-description' not found for module 'nf-core/scrnaseq Software Versions'.
[2023-09-28 09:16:29,683] multiqc                                            [DEBUG  ]  Reordering sections: anchor 'software_versions' not found for module 'nf-core/scrnaseq Software Versions'.
[2023-09-28 09:16:29,683] multiqc                                            [DEBUG  ]  Reordering sections: anchor 'nf-core-scrnaseq-summary' not found for module 'nf-core/scrnaseq Software Versions'.
[2023-09-28 09:16:29,683] multiqc                                            [DEBUG  ]  Reordering sections: anchor 'nf-core-scrnaseq-methods-description' not found for module 'nf-core/scrnaseq Workflow Summary'.
[2023-09-28 09:16:29,683] multiqc                                            [DEBUG  ]  Reordering sections: anchor 'software_versions' not found for module 'nf-core/scrnaseq Workflow Summary'.
[2023-09-28 09:16:29,684] multiqc                                            [DEBUG  ]  Reordering sections: anchor 'nf-core-scrnaseq-summary' not found for module 'nf-core/scrnaseq Workflow Summary'.
[2023-09-28 09:16:29,691] multiqc                                            [DEBUG  ]  Compressing plot data
[2023-09-28 09:16:29,895] multiqc                                            [INFO   ]  Report      : multiqc_report.html
[2023-09-28 09:16:29,895] multiqc                                            [INFO   ]  Data        : multiqc_data
[2023-09-28 09:16:29,895] multiqc                                            [DEBUG  ]  Moving data file from '/tmp/tmpnh3wjybz/multiqc_data' to '/home/claudio/git/scRNA_DLBCL/work/8a/8c0d9965ef3828c9b4251963ab7f47/multiqc_data'
[2023-09-28 09:16:29,900] multiqc                                            [INFO   ]  Plots       : multiqc_plots
[2023-09-28 09:16:29,900] multiqc                                            [DEBUG  ]  Moving plots directory from '/tmp/tmpnh3wjybz/multiqc_plots' to '/home/claudio/git/scRNA_DLBCL/work/8a/8c0d9965ef3828c9b4251963ab7f47/multiqc_plots'
[2023-09-28 09:16:30,019] multiqc                                            [INFO   ]  MultiQC complete
